[I 2025-04-18 22:12:42,190] Trial 0 finished with value: 12.805456738964846 and parameters: {'max_bin': 948, 'max_depth': 7, 'learning_rate': 0.02542634886946333, 'subsample': 0.8668914505685179, 'colsample_bytree': 0.9698124259674424, 'gamma': 0.03663148274441519, 'min_child_weight': 7, 'reg_alpha': 0.08444241666488497, 'reg_lambda': 0.7950310086404989}. Best is trial 1 with value: 12.777920516523555.
[I 2025-04-18 22:13:38,906] Trial 1 finished with value: 12.797597972367646 and parameters: {'max_bin': 1659, 'max_depth': 8, 'learning_rate': 0.012079750394504546, 'subsample': 0.8816742635754047, 'colsample_bytree': 0.8413715657943202, 'gamma': 0.24488386778941945, 'min_child_weight': 6, 'reg_alpha': 0.1511853807580875, 'reg_lambda': 0.2740378658378021}. Best is trial 1 with value: 12.797597972367646.
[I 2025-04-18 22:14:08,057] Trial 0 finished with value: 12.769466806644814 and parameters: {'max_bin': 878, 'max_depth': 9, 'learning_rate': 0.00866692490138968, 'subsample': 0.7733354880341986, 'colsample_bytree': 0.811385816665246, 'gamma': 0.0839789197884463, 'min_child_weight': 4, 'reg_alpha': 0.061061532699218976, 'reg_lambda': 0.02618137058291312}. Best is trial 0 with value: 12.769466806644814.
[I 2025-04-18 22:14:55,650] Trial 0 finished with value: 12.658331717050794 and parameters: {'max_bin': 1089, 'max_depth': 10, 'learning_rate': 0.017422341138246623, 'subsample': 0.7183380866463436, 'colsample_bytree': 0.9405300945876227, 'gamma': 0.4875991073859576, 'min_child_weight': 7, 'reg_alpha': 0.07343048630400734, 'reg_lambda': 0.21981971758927085}. Best is trial 0 with value: 12.658331717050794.
[I 2025-04-18 22:16:55,256] Trial 1 finished with value: 12.638714792307336 and parameters: {'max_bin': 1836, 'max_depth': 11, 'learning_rate': 0.010970253722118212, 'subsample': 0.7732645732369833, 'colsample_bytree': 0.8143700034574797, 'gamma': 0.1732103663298698, 'min_child_weight': 10, 'reg_alpha': 0.5225150040709471, 'reg_lambda': 0.04940895887910534}. Best is trial 1 with value: 12.638714792307336.
[I 2025-04-18 22:18:21,877] Trial 2 finished with value: 12.654872889612516 and parameters: {'max_bin': 978, 'max_depth': 10, 'learning_rate': 0.022535372149526483, 'subsample': 0.8980682019052122, 'colsample_bytree': 0.7097376831154408, 'gamma': 0.40093327751166524, 'min_child_weight': 8, 'reg_alpha': 0.09215355710062675, 'reg_lambda': 0.15438201441642657}. Best is trial 1 with value: 12.638714792307336.
[I 2025-04-18 22:20:30,499] Trial 3 finished with value: 12.682073627980047 and parameters: {'max_bin': 1321, 'max_depth': 11, 'learning_rate': 0.008039510379682622, 'subsample': 0.9483766186670362, 'colsample_bytree': 0.9974597181811878, 'gamma': 0.006314270399044752, 'min_child_weight': 7, 'reg_alpha': 0.20418795559845324, 'reg_lambda': 0.021676336976556937}. Best is trial 1 with value: 12.638714792307336.
[I 2025-04-18 22:22:08,659] Trial 4 finished with value: 12.672733440910289 and parameters: {'max_bin': 1201, 'max_depth': 10, 'learning_rate': 0.015142116143251862, 'subsample': 0.9150522241021339, 'colsample_bytree': 0.8282060843597552, 'gamma': 0.4511928527372386, 'min_child_weight': 4, 'reg_alpha': 0.9076652353713619, 'reg_lambda': 0.32859222787751513}. Best is trial 1 with value: 12.638714792307336.
[I 2025-04-18 22:22:53,582] Trial 5 finished with value: 12.846542093646384 and parameters: {'max_bin': 1887, 'max_depth': 6, 'learning_rate': 0.030121150098326284, 'subsample': 0.988159815243669, 'colsample_bytree': 0.8968391644857602, 'gamma': 0.3739407154205209, 'min_child_weight': 9, 'reg_alpha': 0.4081086096026356, 'reg_lambda': 0.19752303908985025}. Best is trial 1 with value: 12.638714792307336.
[I 2025-04-18 22:24:24,082] Trial 6 finished with value: 12.59122014510616 and parameters: {'max_bin': 946, 'max_depth': 13, 'learning_rate': 0.026117350103670514, 'subsample': 0.7570842149344487, 'colsample_bytree': 0.7828871520634906, 'gamma': 0.42952904102663636, 'min_child_weight': 6, 'reg_alpha': 0.8517861234228179, 'reg_lambda': 0.20846323076671455}. Best is trial 6 with value: 12.59122014510616.
[I 2025-04-18 22:25:40,389] Trial 7 finished with value: 12.601564120207593 and parameters: {'max_bin': 1077, 'max_depth': 13, 'learning_rate': 0.03958571624084375, 'subsample': 0.7620961371083955, 'colsample_bytree': 0.9472504245477802, 'gamma': 0.10562116763653967, 'min_child_weight': 4, 'reg_alpha': 0.014318003908221948, 'reg_lambda': 0.5097324294363871}. Best is trial 6 with value: 12.59122014510616.
[I 2025-04-18 22:27:44,005] Trial 8 finished with value: 12.577159114356386 and parameters: {'max_bin': 1785, 'max_depth': 12, 'learning_rate': 0.02483361487267636, 'subsample': 0.7995100451210253, 'colsample_bytree': 0.7553829047759828, 'gamma': 0.42168678525834097, 'min_child_weight': 5, 'reg_alpha': 0.10910752007070243, 'reg_lambda': 0.013381313533780343}. Best is trial 8 with value: 12.577159114356386.
[I 2025-04-18 22:28:57,626] Trial 9 finished with value: 12.786463158749934 and parameters: {'max_bin': 910, 'max_depth': 9, 'learning_rate': 0.0072712640580524, 'subsample': 0.7813816746136444, 'colsample_bytree': 0.8635833688849078, 'gamma': 0.15486339061623272, 'min_child_weight': 10, 'reg_alpha': 0.7104791926974799, 'reg_lambda': 0.021873763084254868}. Best is trial 8 with value: 12.577159114356386.
[I 2025-04-18 22:33:44,711] Trial 10 finished with value: 12.558367087691911 and parameters: {'max_bin': 729, 'max_depth': 14, 'learning_rate': 0.006998678482387625, 'subsample': 0.7310557297990511, 'colsample_bytree': 0.705942673741018, 'gamma': 0.2824453205197799, 'min_child_weight': 9, 'reg_alpha': 0.06063813308273193, 'reg_lambda': 0.18677162131701083}. Best is trial 10 with value: 12.558367087691911.
[I 2025-04-18 22:34:36,781] Trial 11 finished with value: 12.889697883727811 and parameters: {'max_bin': 1679, 'max_depth': 7, 'learning_rate': 0.007745715737281198, 'subsample': 0.9236187160917975, 'colsample_bytree': 0.7778343943208182, 'gamma': 0.2780014097380201, 'min_child_weight': 10, 'reg_alpha': 0.3245741349553357, 'reg_lambda': 0.05938381676537872}. Best is trial 10 with value: 12.558367087691911.
[I 2025-04-18 22:37:41,475] Trial 12 finished with value: 12.569663136920258 and parameters: {'max_bin': 1687, 'max_depth': 12, 'learning_rate': 0.01332798005099841, 'subsample': 0.8043403613169119, 'colsample_bytree': 0.9101851330808137, 'gamma': 0.24878410077280788, 'min_child_weight': 3, 'reg_alpha': 0.0361515578321176, 'reg_lambda': 0.022629915317619112}. Best is trial 10 with value: 12.558367087691911.
[I 2025-04-18 22:39:23,648] Trial 13 finished with value: 12.58366014199739 and parameters: {'max_bin': 1806, 'max_depth': 12, 'learning_rate': 0.024433128764767182, 'subsample': 0.7361104685765202, 'colsample_bytree': 0.9403304097252378, 'gamma': 0.3291609647335047, 'min_child_weight': 8, 'reg_alpha': 0.053551503098254176, 'reg_lambda': 0.34011260053553816}. Best is trial 10 with value: 12.558367087691911.
[I 2025-04-18 22:42:49,986] Trial 14 finished with value: 12.59625433860429 and parameters: {'max_bin': 2009, 'max_depth': 12, 'learning_rate': 0.009496385761225447, 'subsample': 0.98999180209711, 'colsample_bytree': 0.7678245642153583, 'gamma': 0.47072513220781764, 'min_child_weight': 3, 'reg_alpha': 0.0332748323453813, 'reg_lambda': 0.014177457556874514}. Best is trial 10 with value: 12.558367087691911.
[I 2025-04-18 22:51:59,201] Trial 15 finished with value: 12.509460004439905 and parameters: {'max_bin': 521, 'max_depth': 15, 'learning_rate': 0.005575586380494492, 'subsample': 0.8326641731328164, 'colsample_bytree': 0.8909358808409317, 'gamma': 0.23385560129053157, 'min_child_weight': 3, 'reg_alpha': 0.026430225881276536, 'reg_lambda': 0.8708059950098436}. Best is trial 15 with value: 12.509460004439905.
[I 2025-04-18 22:59:33,962] Trial 16 finished with value: 12.541706402986039 and parameters: {'max_bin': 529, 'max_depth': 15, 'learning_rate': 0.00527237618628213, 'subsample': 0.8483790788318302, 'colsample_bytree': 0.7005419526381854, 'gamma': 0.24128926805076967, 'min_child_weight': 6, 'reg_alpha': 0.010575746632254532, 'reg_lambda': 0.9928559519962706}. Best is trial 15 with value: 12.509460004439905.
[I 2025-04-18 23:07:47,879] Trial 17 finished with value: 12.533299727037743 and parameters: {'max_bin': 516, 'max_depth': 15, 'learning_rate': 0.0051371271725314215, 'subsample': 0.8632253308017473, 'colsample_bytree': 0.8686844863826846, 'gamma': 0.21540856733146607, 'min_child_weight': 5, 'reg_alpha': 0.010095117573312426, 'reg_lambda': 0.8974749093388976}. Best is trial 15 with value: 12.509460004439905.
[I 2025-04-18 23:16:27,881] Trial 18 finished with value: 12.515637476648942 and parameters: {'max_bin': 519, 'max_depth': 15, 'learning_rate': 0.00535192586650291, 'subsample': 0.8288013829401495, 'colsample_bytree': 0.8630444714946837, 'gamma': 0.19031796207830404, 'min_child_weight': 4, 'reg_alpha': 0.022656783408264228, 'reg_lambda': 0.971122099622623}. Best is trial 15 with value: 12.509460004439905.
[I 2025-04-18 23:22:26,695] Trial 19 finished with value: 12.531610243198191 and parameters: {'max_bin': 768, 'max_depth': 14, 'learning_rate': 0.006069544567463461, 'subsample': 0.8340137959747467, 'colsample_bytree': 0.896752202151889, 'gamma': 0.06512113847466094, 'min_child_weight': 4, 'reg_alpha': 0.02009656957562045, 'reg_lambda': 0.5658143789326449}. Best is trial 15 with value: 12.509460004439905.
[I 2025-04-18 23:23:27,649] Trial 20 finished with value: 12.811553836288743 and parameters: {'max_bin': 1445, 'max_depth': 8, 'learning_rate': 0.009885644449656159, 'subsample': 0.8226351665932803, 'colsample_bytree': 0.8345036128866133, 'gamma': 0.16472935410791348, 'min_child_weight': 3, 'reg_alpha': 0.024492596863892938, 'reg_lambda': 0.6039643523887792}. Best is trial 15 with value: 12.509460004439905.
[I 2025-04-18 23:29:46,700] Trial 21 finished with value: 12.539909506009643 and parameters: {'max_bin': 721, 'max_depth': 14, 'learning_rate': 0.00615803332774941, 'subsample': 0.855305592120041, 'colsample_bytree': 0.8984306478500259, 'gamma': 0.06328985587908964, 'min_child_weight': 4, 'reg_alpha': 0.02158287915324559, 'reg_lambda': 0.6377873358491128}. Best is trial 15 with value: 12.509460004439905.
[I 2025-04-18 23:37:50,871] Trial 22 finished with value: 12.509081754429207 and parameters: {'max_bin': 713, 'max_depth': 15, 'learning_rate': 0.006011214002368207, 'subsample': 0.8308647175132362, 'colsample_bytree': 0.8757079292079286, 'gamma': 0.08118395557982877, 'min_child_weight': 5, 'reg_alpha': 0.018120829214621766, 'reg_lambda': 0.3875893907242143}. Best is trial 22 with value: 12.509081754429207.
[I 2025-04-18 23:45:43,924] Trial 23 finished with value: 12.517586824507232 and parameters: {'max_bin': 618, 'max_depth': 15, 'learning_rate': 0.005976644930129286, 'subsample': 0.876591434058075, 'colsample_bytree': 0.8637217101618456, 'gamma': 0.12426088148399425, 'min_child_weight': 5, 'reg_alpha': 0.040408349398824414, 'reg_lambda': 0.3703560003368567}. Best is trial 22 with value: 12.509081754429207.
[I 2025-04-18 23:52:34,769] Trial 24 finished with value: 12.498627832169042 and parameters: {'max_bin': 826, 'max_depth': 15, 'learning_rate': 0.008417452334953817, 'subsample': 0.8017971369921963, 'colsample_bytree': 0.8022701143634854, 'gamma': 0.2014294706970182, 'min_child_weight': 5, 'reg_alpha': 0.017019784741073993, 'reg_lambda': 0.9776960306607694}. Best is trial 24 with value: 12.498627832169042.
[I 2025-04-18 23:57:39,066] Trial 25 finished with value: 12.522276136061837 and parameters: {'max_bin': 832, 'max_depth': 14, 'learning_rate': 0.008574981531146494, 'subsample': 0.8019016970103507, 'colsample_bytree': 0.8016586116415809, 'gamma': 0.3094889859154848, 'min_child_weight': 6, 'reg_alpha': 0.014892608413209999, 'reg_lambda': 0.11123688399388634}. Best is trial 24 with value: 12.498627832169042.
[I 2025-04-18 23:58:17,369] Trial 26 finished with value: 12.956561226959053 and parameters: {'max_bin': 651, 'max_depth': 5, 'learning_rate': 0.011389122011909964, 'subsample': 0.7006843597894554, 'colsample_bytree': 0.7341242734630016, 'gamma': 0.001158971037232684, 'min_child_weight': 5, 'reg_alpha': 0.015247671630146124, 'reg_lambda': 0.4319613625257393}. Best is trial 24 with value: 12.498627832169042.
[I 2025-04-19 00:02:46,070] Trial 27 finished with value: 12.556270308128488 and parameters: {'max_bin': 858, 'max_depth': 13, 'learning_rate': 0.0065964210566825, 'subsample': 0.8105098964371776, 'colsample_bytree': 0.8406075566235047, 'gamma': 0.11034900216001904, 'min_child_weight': 3, 'reg_alpha': 0.02949266415836405, 'reg_lambda': 0.6308880468944825}. Best is trial 24 with value: 12.498627832169042.
[I 2025-04-19 00:03:56,234] Trial 28 finished with value: 12.612176915660193 and parameters: {'max_bin': 650, 'max_depth': 15, 'learning_rate': 0.049783406188583075, 'subsample': 0.885099124125683, 'colsample_bytree': 0.8050041968483767, 'gamma': 0.06265131241474692, 'min_child_weight': 5, 'reg_alpha': 0.1362502594468228, 'reg_lambda': 0.7595728671015336}. Best is trial 24 with value: 12.498627832169042.
[I 2025-04-19 00:07:29,746] Trial 29 finished with value: 12.530903911771542 and parameters: {'max_bin': 1061, 'max_depth': 14, 'learning_rate': 0.01717277245759823, 'subsample': 0.7850741044046797, 'colsample_bytree': 0.95327506143357, 'gamma': 0.20658708814880136, 'min_child_weight': 7, 'reg_alpha': 0.047865724906966556, 'reg_lambda': 0.274843351984797}. Best is trial 24 with value: 12.498627832169042.
[I 2025-04-19 00:11:08,888] Trial 30 finished with value: 12.538081568129934 and parameters: {'max_bin': 1207, 'max_depth': 13, 'learning_rate': 0.01205527113262904, 'subsample': 0.8399359680074062, 'colsample_bytree': 0.918832186693963, 'gamma': 0.3492147126879531, 'min_child_weight': 6, 'reg_alpha': 0.07541741464468217, 'reg_lambda': 0.4391510065154218}. Best is trial 24 with value: 12.498627832169042.
[I 2025-04-19 00:19:54,886] Trial 31 finished with value: 12.511715312775074 and parameters: {'max_bin': 573, 'max_depth': 15, 'learning_rate': 0.0051433012244037095, 'subsample': 0.8279099898662449, 'colsample_bytree': 0.8786981710589837, 'gamma': 0.20333825568077504, 'min_child_weight': 4, 'reg_alpha': 0.017743568108308665, 'reg_lambda': 0.9475944498557332}. Best is trial 24 with value: 12.498627832169042.
[I 2025-04-19 00:27:07,439] Trial 32 finished with value: 12.497877109782726 and parameters: {'max_bin': 662, 'max_depth': 15, 'learning_rate': 0.009031931867230081, 'subsample': 0.8218642712957543, 'colsample_bytree': 0.882200091829056, 'gamma': 0.2890394237819718, 'min_child_weight': 4, 'reg_alpha': 0.01705551845816065, 'reg_lambda': 0.7706381612716092}. Best is trial 32 with value: 12.497877109782726.
[I 2025-04-19 00:33:08,011] Trial 33 finished with value: 12.50234467861868 and parameters: {'max_bin': 801, 'max_depth': 14, 'learning_rate': 0.009679700856284418, 'subsample': 0.8598929046031539, 'colsample_bytree': 0.8825315389830125, 'gamma': 0.2995682275872802, 'min_child_weight': 3, 'reg_alpha': 0.01293978705816995, 'reg_lambda': 0.7586486107686745}. Best is trial 32 with value: 12.497877109782726.
[I 2025-04-19 00:38:26,882] Trial 34 finished with value: 12.51799519017252 and parameters: {'max_bin': 804, 'max_depth': 14, 'learning_rate': 0.009321254058998675, 'subsample': 0.8598854926248796, 'colsample_bytree': 0.9278909613207156, 'gamma': 0.2783017616102293, 'min_child_weight': 5, 'reg_alpha': 0.010697531300687624, 'reg_lambda': 0.26480714759118845}. Best is trial 32 with value: 12.497877109782726.
[I 2025-04-19 00:40:37,678] Trial 35 finished with value: 12.6265743037973 and parameters: {'max_bin': 990, 'max_depth': 11, 'learning_rate': 0.013470792748032052, 'subsample': 0.8996590782069442, 'colsample_bytree': 0.8471838871626449, 'gamma': 0.29894334837133024, 'min_child_weight': 4, 'reg_alpha': 0.013227244647466458, 'reg_lambda': 0.1235604692638143}. Best is trial 32 with value: 12.497877109782726.
[I 2025-04-19 00:45:14,089] Trial 36 finished with value: 12.56495509172944 and parameters: {'max_bin': 699, 'max_depth': 13, 'learning_rate': 0.008466816016676681, 'subsample': 0.8772711871902735, 'colsample_bytree': 0.9751494988784, 'gamma': 0.34299007626946565, 'min_child_weight': 3, 'reg_alpha': 0.019003876597094183, 'reg_lambda': 0.07484401183492083}. Best is trial 32 with value: 12.497877109782726.
[I 2025-04-19 00:50:12,827] Trial 37 finished with value: 12.518643639662455 and parameters: {'max_bin': 862, 'max_depth': 14, 'learning_rate': 0.010461065544055272, 'subsample': 0.9380956847007657, 'colsample_bytree': 0.8221480389865063, 'gamma': 0.3752575540928311, 'min_child_weight': 5, 'reg_alpha': 0.01296572499877207, 'reg_lambda': 0.7173545807037721}. Best is trial 32 with value: 12.497877109782726.
[I 2025-04-19 00:52:01,058] Trial 38 finished with value: 12.61931487087086 and parameters: {'max_bin': 1156, 'max_depth': 11, 'learning_rate': 0.02118189937481607, 'subsample': 0.7639702464117636, 'colsample_bytree': 0.7995636968240117, 'gamma': 0.26548548029992713, 'min_child_weight': 7, 'reg_alpha': 0.04184673239233765, 'reg_lambda': 0.4393876607153725}. Best is trial 32 with value: 12.497877109782726.
[I 2025-04-19 00:56:13,487] Trial 39 finished with value: 12.544226786096784 and parameters: {'max_bin': 1412, 'max_depth': 13, 'learning_rate': 0.008002878362163159, 'subsample': 0.7880969915777162, 'colsample_bytree': 0.8806963236245205, 'gamma': 0.03880226314275664, 'min_child_weight': 4, 'reg_alpha': 0.0172614293779342, 'reg_lambda': 0.03374826489608502}. Best is trial 32 with value: 12.497877109782726.
[I 2025-04-19 01:00:57,731] Trial 40 finished with value: 12.505162196324282 and parameters: {'max_bin': 1012, 'max_depth': 15, 'learning_rate': 0.015300443561267488, 'subsample': 0.8180155157322726, 'colsample_bytree': 0.8520078441111846, 'gamma': 0.12934135147673187, 'min_child_weight': 6, 'reg_alpha': 0.029196393298997224, 'reg_lambda': 0.2577101593589554}. Best is trial 32 with value: 12.497877109782726.
[I 2025-04-19 01:05:36,542] Trial 41 finished with value: 12.509401523455876 and parameters: {'max_bin': 1004, 'max_depth': 15, 'learning_rate': 0.01439466641342967, 'subsample': 0.8128086110046279, 'colsample_bytree': 0.8500725963975024, 'gamma': 0.17267730226951788, 'min_child_weight': 6, 'reg_alpha': 0.02821734016120364, 'reg_lambda': 0.26460569753854774}. Best is trial 32 with value: 12.497877109782726.
[I 2025-04-19 01:07:48,011] Trial 42 finished with value: 12.54098995510583 and parameters: {'max_bin': 883, 'max_depth': 14, 'learning_rate': 0.020828741381636314, 'subsample': 0.8149538844412321, 'colsample_bytree': 0.8199859043542992, 'gamma': 0.13543736082008626, 'min_child_weight': 6, 'reg_alpha': 0.012595336424317677, 'reg_lambda': 0.14773372849131677}. Best is trial 32 with value: 12.497877109782726.
[I 2025-04-19 01:11:40,988] Trial 43 finished with value: 12.518229509852231 and parameters: {'max_bin': 923, 'max_depth': 15, 'learning_rate': 0.016614202456340384, 'subsample': 0.8484174620563418, 'colsample_bytree': 0.8533928584521407, 'gamma': 0.09684745092515036, 'min_child_weight': 5, 'reg_alpha': 0.017964580926188647, 'reg_lambda': 0.5317595924959175}. Best is trial 32 with value: 12.497877109782726.
[I 2025-04-19 01:13:01,621] Trial 44 finished with value: 12.790234056527662 and parameters: {'max_bin': 743, 'max_depth': 9, 'learning_rate': 0.006949462937346768, 'subsample': 0.7933433085982012, 'colsample_bytree': 0.8805998703200666, 'gamma': 0.14751625927910264, 'min_child_weight': 7, 'reg_alpha': 0.03170966763617931, 'reg_lambda': 0.7954453355471659}. Best is trial 32 with value: 12.497877109782726.
[I 2025-04-19 01:17:44,041] Trial 45 finished with value: 12.507098696633845 and parameters: {'max_bin': 1037, 'max_depth': 14, 'learning_rate': 0.012357159336709337, 'subsample': 0.7726910996314214, 'colsample_bytree': 0.9093788461002725, 'gamma': 0.09014094600394756, 'min_child_weight': 5, 'reg_alpha': 0.022763799806728786, 'reg_lambda': 0.4721244065507148}. Best is trial 32 with value: 12.497877109782726.
[I 2025-04-19 01:22:31,423] Trial 46 finished with value: 12.507983530020045 and parameters: {'max_bin': 1132, 'max_depth': 14, 'learning_rate': 0.012359173857672536, 'subsample': 0.7479051206217997, 'colsample_bytree': 0.9127216533099424, 'gamma': 0.22730771367209185, 'min_child_weight': 4, 'reg_alpha': 0.16044239065750288, 'reg_lambda': 0.5036152639027056}. Best is trial 32 with value: 12.497877109782726.
[I 2025-04-19 01:26:10,126] Trial 47 finished with value: 12.547340032583463 and parameters: {'max_bin': 1021, 'max_depth': 13, 'learning_rate': 0.010825699025617868, 'subsample': 0.7730059125232396, 'colsample_bytree': 0.9382070448717793, 'gamma': 0.03305463224868327, 'min_child_weight': 6, 'reg_alpha': 0.06863205980218401, 'reg_lambda': 0.30236075219892516}. Best is trial 32 with value: 12.497877109782726.
[I 2025-04-19 01:29:11,569] Trial 48 finished with value: 12.559130226123514 and parameters: {'max_bin': 1218, 'max_depth': 12, 'learning_rate': 0.014385630434467117, 'subsample': 0.7518975177071303, 'colsample_bytree': 0.9626127671860712, 'gamma': 0.18733688247430125, 'min_child_weight': 3, 'reg_alpha': 0.29840292892999, 'reg_lambda': 0.22527225546196256}. Best is trial 32 with value: 12.497877109782726.
[I 2025-04-19 01:31:47,797] Trial 49 finished with value: 12.543678132923672 and parameters: {'max_bin': 949, 'max_depth': 14, 'learning_rate': 0.019625678917955323, 'subsample': 0.7668911797794359, 'colsample_bytree': 0.9271037071639278, 'gamma': 0.3145880140203839, 'min_child_weight': 8, 'reg_alpha': 0.024370666150344382, 'reg_lambda': 0.7240498331154834}. Best is trial 32 with value: 12.497877109782726.
